<?xml version="1.0" encoding="UTF-8"?>
<!-- Generated by org.testng.reporters.JUnitReportReporter -->
<testsuite hostname="DESKTOP-7G2C323" failures="0" tests="1" name="CreatingReport.ExtentReport.ExtentReportDemo" time="5.378" errors="0" timestamp="2024-12-27T13:41:47 IST" skipped="0">
  <testcase classname="CreatingReport.ExtentReport.ExtentReportDemo" name="initialDemo" time="5.378"/>
</testsuite> <!-- CreatingReport.ExtentReport.ExtentReportDemo -->
